<?xml version="1.0" encoding="UTF-8"?>
<!-- Generated by org.testng.reporters.JUnitReportReporter -->
<testsuite hostname="DESKTOP-I6EP1Q3" failures="0" tests="3" name="testSuite1.module2" time="0.004" errors="0" timestamp="2023-09-07T00:44:43 EDT" skipped="0">
  <testcase classname="testSuite1.module2" name="test005" time="0.001"/>
  <testcase classname="testSuite1.module2" name="test004" time="0.001"/>
  <testcase classname="testSuite1.module2" name="test006" time="0.002"/>
</testsuite> <!-- testSuite1.module2 -->
