<?xml version="1.0" encoding="UTF-8"?>
<!-- Generated by org.testng.reporters.JUnitReportReporter -->
<testsuite hostname="DESKTOP-I6EP1Q3" failures="0" tests="3" name="testSuite1.module1" time="0.024" errors="0" timestamp="2023-09-07T01:16:46 EDT" skipped="0">
  <testcase classname="testSuite1.module1" name="beforeMethod" time="0.009"/>
  <testcase classname="testSuite1.module1" name="test002" time="0.005"/>
  <testcase classname="testSuite1.module1" name="test003" time="0.010"/>
</testsuite> <!-- testSuite1.module1 -->
